<?xml version="1.0" encoding="UTF-8"?>
<!-- Generated by org.testng.reporters.JUnitReportReporter -->
<testsuite skipped="0" hostname="Priya" name="com.qa.testcases.LoginPageTest" tests="3" failures="0" timestamp="06 Jun 2020 16:26:11 GMT" time="31.776" errors="0">
  <testcase name="pageTitleTest" time="11.152" classname="com.qa.testcases.LoginPageTest"/>
  <testcase name="validateLogo" time="9.980" classname="com.qa.testcases.LoginPageTest"/>
  <testcase name="login" time="10.644" classname="com.qa.testcases.LoginPageTest"/>
</testsuite> <!-- com.qa.testcases.LoginPageTest -->
