<?xml version="1.0" encoding="UTF-8"?>
<!-- Generated by org.testng.reporters.JUnitReportReporter -->
<testsuite skipped="0" hostname="Priya" name="com.qa.testcases.LoginPageTest" tests="3" failures="0" timestamp="06 Jun 2020 14:30:54 GMT" time="29.838" errors="0">
  <testcase name="pageTitleTest" time="9.528" classname="com.qa.testcases.LoginPageTest"/>
  <testcase name="validateLogo" time="10.550" classname="com.qa.testcases.LoginPageTest"/>
  <testcase name="login" time="9.760" classname="com.qa.testcases.LoginPageTest"/>
</testsuite> <!-- com.qa.testcases.LoginPageTest -->
