<?xml version="1.0" encoding="UTF-8"?>
<!-- Generated by org.testng.reporters.JUnitReportReporter -->
<testsuite skipped="0" hostname="Priya" name="com.qa.testcases.testNgBasics" tests="3" failures="0" timestamp="01 Jun 2020 08:11:18 GMT" time="0.029" errors="0">
  <testcase name="atest1" time="0.021" classname="com.qa.testcases.testNgBasics"/>
  <testcase name="btest2" time="0.005" classname="com.qa.testcases.testNgBasics"/>
  <testcase name="ctest3" time="0.003" classname="com.qa.testcases.testNgBasics"/>
</testsuite> <!-- com.qa.testcases.testNgBasics -->
